::1 - - [25/Apr/2018:13:49:54 +0800] "GET / HTTP/1.1" 200 350
::1 - - [25/Apr/2018:13:49:54 +0800] "GET /static/favicon.ico HTTP/1.1" 200 9662
::1 - - [25/Apr/2018:13:49:55 +0800] "GET / HTTP/1.1" 200 350
::1 - - [25/Apr/2018:13:49:56 +0800] "GET / HTTP/1.1" 200 350
::1 - - [25/Apr/2018:13:49:56 +0800] "GET / HTTP/1.1" 200 350
::1 - - [25/Apr/2018:13:49:57 +0800] "GET / HTTP/1.1" 200 350
::1 - - [25/Apr/2018:13:50:05 +0800] "GET / HTTP/1.1" 200 350
::1 - - [25/Apr/2018:13:50:05 +0800] "GET / HTTP/1.1" 200 350
::1 - - [25/Apr/2018:13:50:06 +0800] "GET / HTTP/1.1" 200 350
::1 - - [25/Apr/2018:13:50:06 +0800] "GET / HTTP/1.1" 200 350
::1 - - [25/Apr/2018:13:50:06 +0800] "GET / HTTP/1.1" 200 350
::1 - - [25/Apr/2018:13:50:07 +0800] "GET / HTTP/1.1" 200 350
::1 - - [25/Apr/2018:13:50:07 +0800] "GET / HTTP/1.1" 200 350
::1 - - [25/Apr/2018:13:50:27 +0800] "GET / HTTP/1.1" 200 350
::1 - - [25/Apr/2018:13:50:27 +0800] "GET / HTTP/1.1" 200 350
::1 - - [25/Apr/2018:13:50:28 +0800] "GET / HTTP/1.1" 200 350
::1 - - [25/Apr/2018:13:50:28 +0800] "GET / HTTP/1.1" 200 350
::1 - - [25/Apr/2018:13:50:29 +0800] "GET / HTTP/1.1" 200 350
::1 - - [25/Apr/2018:13:50:29 +0800] "GET / HTTP/1.1" 200 350
::1 - - [25/Apr/2018:13:50:29 +0800] "GET /robots.txt HTTP/1.1" 404 52
::1 - - [25/Apr/2018:13:50:32 +0800] "GET / HTTP/1.1" 304 0
::1 - - [25/Apr/2018:13:50:32 +0800] "GET / HTTP/1.1" 304 0
::1 - - [25/Apr/2018:13:50:33 +0800] "GET / HTTP/1.1" 304 0
::1 - - [25/Apr/2018:13:50:33 +0800] "GET / HTTP/1.1" 304 0
::1 - - [25/Apr/2018:13:51:07 +0800] "GET / HTTP/1.1" 304 0
::1 - - [25/Apr/2018:13:51:07 +0800] "GET / HTTP/1.1" 304 0
::1 - - [25/Apr/2018:13:51:07 +0800] "GET / HTTP/1.1" 304 0
::1 - - [25/Apr/2018:13:51:07 +0800] "GET / HTTP/1.1" 304 0
::1 - - [25/Apr/2018:13:51:08 +0800] "GET / HTTP/1.1" 304 0
::1 - - [25/Apr/2018:13:51:08 +0800] "GET / HTTP/1.1" 304 0
::1 - - [25/Apr/2018:13:51:08 +0800] "GET / HTTP/1.1" 304 0
::1 - - [25/Apr/2018:13:51:08 +0800] "GET / HTTP/1.1" 304 0
::1 - - [25/Apr/2018:13:51:10 +0800] "GET / HTTP/1.1" 200 350
::1 - - [25/Apr/2018:13:51:11 +0800] "GET /static/favicon.ico HTTP/1.1" 200 9662
::1 - - [25/Apr/2018:13:51:11 +0800] "GET /static/favicon.ico HTTP/1.1" 200 9662
::1 - - [25/Apr/2018:13:51:11 +0800] "GET / HTTP/1.1" 200 350
::1 - - [25/Apr/2018:13:51:12 +0800] "GET /static/favicon.ico HTTP/1.1" 200 9662
::1 - - [25/Apr/2018:13:51:12 +0800] "GET /static/favicon.ico HTTP/1.1" 200 9662
::1 - - [25/Apr/2018:13:51:12 +0800] "GET / HTTP/1.1" 200 350
::1 - - [25/Apr/2018:13:51:12 +0800] "GET /static/favicon.ico HTTP/1.1" 200 9662
::1 - - [25/Apr/2018:13:51:12 +0800] "GET /static/favicon.ico HTTP/1.1" 200 9662
::1 - - [25/Apr/2018:13:51:18 +0800] "GET / HTTP/1.1" 200 350
::1 - - [25/Apr/2018:13:51:18 +0800] "GET /static/favicon.ico HTTP/1.1" 200 9662
::1 - - [25/Apr/2018:13:51:18 +0800] "GET /static/favicon.ico HTTP/1.1" 200 9662
::1 - - [25/Apr/2018:13:51:20 +0800] "GET / HTTP/1.1" 304 0
::1 - - [25/Apr/2018:13:51:42 +0800] "GET / HTTP/1.1" 304 0
::1 - - [25/Apr/2018:13:52:20 +0800] "GET / HTTP/1.1" 200 444
::1 - - [25/Apr/2018:13:52:20 +0800] "GET /static/js/app.7eff737f0718a3e8602d.js HTTP/1.1" 200 925
::1 - - [25/Apr/2018:13:52:20 +0800] "GET /static/css/app.f1cf5745017d60f6769030f3dbaf1b61.css HTTP/1.1" 200 93
::1 - - [25/Apr/2018:13:52:20 +0800] "GET /static/js/manifest.2ae2e69a05c33dfc65f8.js HTTP/1.1" 200 500
::1 - - [25/Apr/2018:13:52:20 +0800] "GET /static/js/vendor.522563e38c6b6cbc0cd5.js HTTP/1.1" 200 42363
::1 - - [25/Apr/2018:13:52:21 +0800] "GET /static/js/manifest.2ae2e69a05c33dfc65f8.js.map HTTP/1.1" 200 4972
::1 - - [25/Apr/2018:13:52:21 +0800] "GET /static/css/app.f1cf5745017d60f6769030f3dbaf1b61.css.map HTTP/1.1" 200 101
::1 - - [25/Apr/2018:13:52:21 +0800] "GET /static/js/vendor.522563e38c6b6cbc0cd5.js.map HTTP/1.1" 200 594238
::1 - - [25/Apr/2018:13:52:21 +0800] "GET /static/js/app.7eff737f0718a3e8602d.js.map HTTP/1.1" 200 16575
::1 - - [25/Apr/2018:13:52:21 +0800] "GET / HTTP/1.1" 304 0
::1 - - [25/Apr/2018:13:52:31 +0800] "GET / HTTP/1.1" 304 0
::1 - - [25/Apr/2018:13:52:31 +0800] "GET / HTTP/1.1" 304 0
::1 - - [25/Apr/2018:13:52:31 +0800] "GET /robots.txt HTTP/1.1" 404 52
::1 - - [25/Apr/2018:13:52:31 +0800] "GET / HTTP/1.1" 304 0
::1 - - [25/Apr/2018:13:52:33 +0800] "GET / HTTP/1.1" 304 0
::1 - - [25/Apr/2018:13:54:09 +0800] "GET / HTTP/1.1" 304 0
::1 - - [25/Apr/2018:13:54:09 +0800] "GET /static/css/app.f1cf5745017d60f6769030f3dbaf1b61.css HTTP/1.1" 304 0
::1 - - [25/Apr/2018:13:54:09 +0800] "GET /static/js/manifest.2ae2e69a05c33dfc65f8.js HTTP/1.1" 304 0
::1 - - [25/Apr/2018:13:54:09 +0800] "GET /static/js/vendor.522563e38c6b6cbc0cd5.js HTTP/1.1" 304 0
::1 - - [25/Apr/2018:13:54:09 +0800] "GET /static/js/app.7eff737f0718a3e8602d.js HTTP/1.1" 304 0
::1 - - [25/Apr/2018:13:54:09 +0800] "GET /static/js/manifest.2ae2e69a05c33dfc65f8.js.map HTTP/1.1" 304 0
::1 - - [25/Apr/2018:13:54:09 +0800] "GET /static/js/vendor.522563e38c6b6cbc0cd5.js.map HTTP/1.1" 304 0
::1 - - [25/Apr/2018:13:54:09 +0800] "GET /static/js/app.7eff737f0718a3e8602d.js.map HTTP/1.1" 304 0
::1 - - [25/Apr/2018:13:54:09 +0800] "GET /static/css/app.f1cf5745017d60f6769030f3dbaf1b61.css.map HTTP/1.1" 304 0
::1 - - [25/Apr/2018:13:54:09 +0800] "GET / HTTP/1.1" 304 0
::1 - - [25/Apr/2018:13:54:13 +0800] "GET /sasasa HTTP/1.1" 404 52
::1 - - [25/Apr/2018:13:54:15 +0800] "GET /sasasa HTTP/1.1" 404 52
::1 - - [25/Apr/2018:13:55:03 +0800] "GET /sasasa HTTP/1.1" 404 52
::1 - - [25/Apr/2018:13:55:03 +0800] "GET /sasasa HTTP/1.1" 404 52
::1 - - [25/Apr/2018:13:55:03 +0800] "GET /sasasa HTTP/1.1" 404 52
::1 - - [25/Apr/2018:13:55:03 +0800] "GET /sasasa HTTP/1.1" 404 52
::1 - - [25/Apr/2018:13:55:08 +0800] "GET /sas/sasas HTTP/1.1" 404 52
::1 - - [25/Apr/2018:13:55:17 +0800] "GET /sas/sasas HTTP/1.1" 404 52
::1 - - [25/Apr/2018:13:55:17 +0800] "GET /sas/sasas HTTP/1.1" 404 52
::1 - - [25/Apr/2018:13:55:18 +0800] "GET /sas/sasas HTTP/1.1" 404 52
::1 - - [25/Apr/2018:13:55:18 +0800] "GET /sas/sasas HTTP/1.1" 404 52
::1 - - [25/Apr/2018:13:55:19 +0800] "GET /sas/sasas HTTP/1.1" 404 52
::1 - - [25/Apr/2018:13:55:48 +0800] "GET /sas/sasas HTTP/1.1" 200 444
::1 - - [25/Apr/2018:13:55:48 +0800] "GET /static/js/app.7eff737f0718a3e8602d.js HTTP/1.1" 200 444
::1 - - [25/Apr/2018:13:55:48 +0800] "GET /static/js/vendor.522563e38c6b6cbc0cd5.js HTTP/1.1" 200 444
::1 - - [25/Apr/2018:13:55:48 +0800] "GET /static/js/manifest.2ae2e69a05c33dfc65f8.js HTTP/1.1" 200 444
::1 - - [25/Apr/2018:13:55:48 +0800] "GET /static/css/app.f1cf5745017d60f6769030f3dbaf1b61.css HTTP/1.1" 200 444
::1 - - [25/Apr/2018:13:55:48 +0800] "GET /sas/static/favicon.ico HTTP/1.1" 200 444
::1 - - [25/Apr/2018:13:55:48 +0800] "GET /sas/sasas HTTP/1.1" 200 444
::1 - - [25/Apr/2018:13:55:48 +0800] "GET /sas/sasas HTTP/1.1" 200 444
::1 - - [25/Apr/2018:13:56:00 +0800] "GET /sas/sasas HTTP/1.1" 301 60
::1 - - [25/Apr/2018:13:56:00 +0800] "GET / HTTP/1.1" 301 60
::1 - - [25/Apr/2018:13:56:00 +0800] "GET / HTTP/1.1" 301 60
::1 - - [25/Apr/2018:13:56:00 +0800] "GET / HTTP/1.1" 301 60
::1 - - [25/Apr/2018:13:56:00 +0800] "GET / HTTP/1.1" 301 60
::1 - - [25/Apr/2018:13:56:00 +0800] "GET / HTTP/1.1" 301 60
::1 - - [25/Apr/2018:13:56:00 +0800] "GET / HTTP/1.1" 301 60
::1 - - [25/Apr/2018:13:56:00 +0800] "GET / HTTP/1.1" 301 60
::1 - - [25/Apr/2018:13:56:00 +0800] "GET / HTTP/1.1" 301 60
::1 - - [25/Apr/2018:13:56:00 +0800] "GET / HTTP/1.1" 301 60
::1 - - [25/Apr/2018:13:56:00 +0800] "GET / HTTP/1.1" 301 60
::1 - - [25/Apr/2018:13:56:00 +0800] "GET / HTTP/1.1" 301 60
::1 - - [25/Apr/2018:13:56:00 +0800] "GET / HTTP/1.1" 301 60
::1 - - [25/Apr/2018:13:56:00 +0800] "GET / HTTP/1.1" 301 60
::1 - - [25/Apr/2018:13:56:00 +0800] "GET / HTTP/1.1" 301 60
::1 - - [25/Apr/2018:13:56:00 +0800] "GET / HTTP/1.1" 301 60
::1 - - [25/Apr/2018:13:56:00 +0800] "GET / HTTP/1.1" 301 60
::1 - - [25/Apr/2018:13:56:00 +0800] "GET / HTTP/1.1" 301 60
::1 - - [25/Apr/2018:13:56:00 +0800] "GET / HTTP/1.1" 301 60
::1 - - [25/Apr/2018:13:56:00 +0800] "GET / HTTP/1.1" 301 60
::1 - - [25/Apr/2018:13:56:00 +0800] "GET / HTTP/1.1" 301 60
::1 - - [25/Apr/2018:13:56:00 +0800] "GET / HTTP/1.1" 301 60
::1 - - [25/Apr/2018:13:56:00 +0800] "GET / HTTP/1.1" 301 60
::1 - - [25/Apr/2018:13:56:00 +0800] "GET / HTTP/1.1" 301 60
::1 - - [25/Apr/2018:13:56:00 +0800] "GET / HTTP/1.1" 301 60
::1 - - [25/Apr/2018:13:56:00 +0800] "GET / HTTP/1.1" 301 60
::1 - - [25/Apr/2018:13:56:00 +0800] "GET / HTTP/1.1" 301 60
::1 - - [25/Apr/2018:13:56:00 +0800] "GET / HTTP/1.1" 301 60
::1 - - [25/Apr/2018:13:56:00 +0800] "GET / HTTP/1.1" 301 60
::1 - - [25/Apr/2018:13:56:00 +0800] "GET / HTTP/1.1" 301 60
::1 - - [25/Apr/2018:13:56:00 +0800] "GET / HTTP/1.1" 301 60
::1 - - [25/Apr/2018:13:56:00 +0800] "GET / HTTP/1.1" 301 60
::1 - - [25/Apr/2018:13:56:00 +0800] "GET / HTTP/1.1" 301 60
::1 - - [25/Apr/2018:13:56:00 +0800] "GET / HTTP/1.1" 301 60
::1 - - [25/Apr/2018:13:56:00 +0800] "GET / HTTP/1.1" 301 60
::1 - - [25/Apr/2018:13:56:00 +0800] "GET / HTTP/1.1" 301 60
::1 - - [25/Apr/2018:13:56:00 +0800] "GET / HTTP/1.1" 301 60
::1 - - [25/Apr/2018:13:56:00 +0800] "GET / HTTP/1.1" 301 60
::1 - - [25/Apr/2018:13:56:00 +0800] "GET / HTTP/1.1" 301 60
::1 - - [25/Apr/2018:13:56:00 +0800] "GET / HTTP/1.1" 301 60
::1 - - [25/Apr/2018:13:56:01 +0800] "GET / HTTP/1.1" 301 60
::1 - - [25/Apr/2018:13:56:01 +0800] "GET / HTTP/1.1" 301 60
::1 - - [25/Apr/2018:13:56:01 +0800] "GET / HTTP/1.1" 301 60
::1 - - [25/Apr/2018:13:56:01 +0800] "GET / HTTP/1.1" 301 60
::1 - - [25/Apr/2018:13:56:01 +0800] "GET / HTTP/1.1" 301 60
::1 - - [25/Apr/2018:13:56:01 +0800] "GET / HTTP/1.1" 301 60
::1 - - [25/Apr/2018:13:56:01 +0800] "GET / HTTP/1.1" 301 60
::1 - - [25/Apr/2018:13:56:01 +0800] "GET / HTTP/1.1" 301 60
::1 - - [25/Apr/2018:13:56:01 +0800] "GET / HTTP/1.1" 301 60
::1 - - [25/Apr/2018:13:56:01 +0800] "GET / HTTP/1.1" 301 60
::1 - - [25/Apr/2018:13:56:01 +0800] "GET / HTTP/1.1" 301 60
::1 - - [25/Apr/2018:13:56:01 +0800] "GET / HTTP/1.1" 301 60
::1 - - [25/Apr/2018:13:56:01 +0800] "GET / HTTP/1.1" 301 60
::1 - - [25/Apr/2018:13:56:01 +0800] "GET / HTTP/1.1" 301 60
::1 - - [25/Apr/2018:13:56:01 +0800] "GET / HTTP/1.1" 301 60
::1 - - [25/Apr/2018:13:56:01 +0800] "GET / HTTP/1.1" 301 60
::1 - - [25/Apr/2018:13:56:01 +0800] "GET / HTTP/1.1" 301 60
::1 - - [25/Apr/2018:13:56:01 +0800] "GET / HTTP/1.1" 301 60
::1 - - [25/Apr/2018:13:56:01 +0800] "GET / HTTP/1.1" 301 60
::1 - - [25/Apr/2018:13:56:01 +0800] "GET / HTTP/1.1" 301 60
::1 - - [25/Apr/2018:13:56:20 +0800] "GET / HTTP/1.1" 200 444
::1 - - [25/Apr/2018:13:56:20 +0800] "GET /static/css/app.f1cf5745017d60f6769030f3dbaf1b61.css HTTP/1.1" 304 0
::1 - - [25/Apr/2018:13:56:20 +0800] "GET /static/js/app.7eff737f0718a3e8602d.js HTTP/1.1" 304 0
::1 - - [25/Apr/2018:13:56:20 +0800] "GET /static/js/manifest.2ae2e69a05c33dfc65f8.js HTTP/1.1" 304 0
::1 - - [25/Apr/2018:13:56:20 +0800] "GET /static/js/vendor.522563e38c6b6cbc0cd5.js HTTP/1.1" 304 0
::1 - - [25/Apr/2018:13:56:21 +0800] "GET / HTTP/1.1" 200 444
::1 - - [25/Apr/2018:13:56:21 +0800] "GET /robots.txt HTTP/1.1" 200 444
::1 - - [25/Apr/2018:13:56:21 +0800] "GET / HTTP/1.1" 200 444
::1 - - [25/Apr/2018:13:56:22 +0800] "GET / HTTP/1.1" 200 444
::1 - - [25/Apr/2018:13:56:22 +0800] "GET / HTTP/1.1" 200 444
::1 - - [25/Apr/2018:13:56:22 +0800] "GET / HTTP/1.1" 200 444
::1 - - [25/Apr/2018:13:56:23 +0800] "GET / HTTP/1.1" 200 444
::1 - - [25/Apr/2018:13:56:25 +0800] "GET / HTTP/1.1" 200 444
::1 - - [25/Apr/2018:13:56:34 +0800] "GET / HTTP/1.1" 304 0
::1 - - [25/Apr/2018:13:56:35 +0800] "GET / HTTP/1.1" 304 0
::1 - - [25/Apr/2018:13:56:35 +0800] "GET / HTTP/1.1" 304 0
::1 - - [25/Apr/2018:13:57:17 +0800] "GET / HTTP/1.1" 304 0
::1 - - [25/Apr/2018:13:57:17 +0800] "GET /static/js/app.7eff737f0718a3e8602d.js HTTP/1.1" 304 0
::1 - - [25/Apr/2018:13:57:17 +0800] "GET /static/js/manifest.2ae2e69a05c33dfc65f8.js HTTP/1.1" 304 0
::1 - - [25/Apr/2018:13:57:17 +0800] "GET /static/js/vendor.522563e38c6b6cbc0cd5.js HTTP/1.1" 304 0
::1 - - [25/Apr/2018:13:57:17 +0800] "GET /static/css/app.f1cf5745017d60f6769030f3dbaf1b61.css HTTP/1.1" 304 0
::1 - - [25/Apr/2018:13:57:18 +0800] "GET / HTTP/1.1" 304 0
::1 - - [25/Apr/2018:13:57:18 +0800] "GET / HTTP/1.1" 304 0
::1 - - [25/Apr/2018:13:57:27 +0800] "GET / HTTP/1.1" 304 0
::1 - - [25/Apr/2018:13:57:27 +0800] "GET / HTTP/1.1" 304 0
::1 - - [25/Apr/2018:13:57:27 +0800] "GET / HTTP/1.1" 304 0
::1 - - [25/Apr/2018:13:59:28 +0800] "GET / HTTP/1.1" 307 71
::1 - - [25/Apr/2018:13:59:28 +0800] "GET /index.html HTTP/1.1" 307 71
::1 - - [25/Apr/2018:13:59:28 +0800] "GET /index.html HTTP/1.1" 307 71
::1 - - [25/Apr/2018:13:59:28 +0800] "GET /index.html HTTP/1.1" 307 71
::1 - - [25/Apr/2018:13:59:28 +0800] "GET /index.html HTTP/1.1" 307 71
::1 - - [25/Apr/2018:13:59:28 +0800] "GET /index.html HTTP/1.1" 307 71
::1 - - [25/Apr/2018:13:59:28 +0800] "GET /index.html HTTP/1.1" 307 71
::1 - - [25/Apr/2018:13:59:28 +0800] "GET /index.html HTTP/1.1" 307 71
::1 - - [25/Apr/2018:13:59:28 +0800] "GET /index.html HTTP/1.1" 307 71
::1 - - [25/Apr/2018:13:59:28 +0800] "GET /index.html HTTP/1.1" 307 71
::1 - - [25/Apr/2018:13:59:28 +0800] "GET /index.html HTTP/1.1" 307 71
::1 - - [25/Apr/2018:13:59:28 +0800] "GET /index.html HTTP/1.1" 307 71
::1 - - [25/Apr/2018:13:59:28 +0800] "GET /index.html HTTP/1.1" 307 71
::1 - - [25/Apr/2018:13:59:28 +0800] "GET /index.html HTTP/1.1" 307 71
::1 - - [25/Apr/2018:13:59:28 +0800] "GET /index.html HTTP/1.1" 307 71
::1 - - [25/Apr/2018:13:59:28 +0800] "GET /index.html HTTP/1.1" 307 71
::1 - - [25/Apr/2018:13:59:28 +0800] "GET /index.html HTTP/1.1" 307 71
::1 - - [25/Apr/2018:13:59:28 +0800] "GET /index.html HTTP/1.1" 307 71
::1 - - [25/Apr/2018:13:59:28 +0800] "GET /index.html HTTP/1.1" 307 71
::1 - - [25/Apr/2018:13:59:28 +0800] "GET /index.html HTTP/1.1" 307 71
::1 - - [25/Apr/2018:13:59:28 +0800] "GET /index.html HTTP/1.1" 307 71
::1 - - [25/Apr/2018:13:59:28 +0800] "GET /index.html HTTP/1.1" 307 71
::1 - - [25/Apr/2018:13:59:28 +0800] "GET /index.html HTTP/1.1" 307 71
::1 - - [25/Apr/2018:13:59:28 +0800] "GET /index.html HTTP/1.1" 307 71
::1 - - [25/Apr/2018:13:59:28 +0800] "GET /index.html HTTP/1.1" 307 71
::1 - - [25/Apr/2018:13:59:28 +0800] "GET /index.html HTTP/1.1" 307 71
::1 - - [25/Apr/2018:13:59:28 +0800] "GET /index.html HTTP/1.1" 307 71
::1 - - [25/Apr/2018:13:59:28 +0800] "GET /index.html HTTP/1.1" 307 71
::1 - - [25/Apr/2018:13:59:28 +0800] "GET /index.html HTTP/1.1" 307 71
::1 - - [25/Apr/2018:13:59:28 +0800] "GET /index.html HTTP/1.1" 307 71
::1 - - [25/Apr/2018:13:59:28 +0800] "GET /index.html HTTP/1.1" 307 71
::1 - - [25/Apr/2018:13:59:28 +0800] "GET /index.html HTTP/1.1" 307 71
::1 - - [25/Apr/2018:13:59:28 +0800] "GET /index.html HTTP/1.1" 307 71
::1 - - [25/Apr/2018:13:59:28 +0800] "GET /index.html HTTP/1.1" 307 71
::1 - - [25/Apr/2018:13:59:28 +0800] "GET /index.html HTTP/1.1" 307 71
::1 - - [25/Apr/2018:13:59:28 +0800] "GET /index.html HTTP/1.1" 307 71
::1 - - [25/Apr/2018:13:59:28 +0800] "GET /index.html HTTP/1.1" 307 71
::1 - - [25/Apr/2018:13:59:28 +0800] "GET /index.html HTTP/1.1" 307 71
::1 - - [25/Apr/2018:13:59:28 +0800] "GET /index.html HTTP/1.1" 307 71
::1 - - [25/Apr/2018:13:59:28 +0800] "GET /index.html HTTP/1.1" 307 71
::1 - - [25/Apr/2018:13:59:29 +0800] "GET /index.html HTTP/1.1" 307 71
::1 - - [25/Apr/2018:13:59:29 +0800] "GET /index.html HTTP/1.1" 307 71
::1 - - [25/Apr/2018:13:59:29 +0800] "GET /index.html HTTP/1.1" 307 71
::1 - - [25/Apr/2018:13:59:29 +0800] "GET /index.html HTTP/1.1" 307 71
::1 - - [25/Apr/2018:13:59:29 +0800] "GET /index.html HTTP/1.1" 307 71
::1 - - [25/Apr/2018:13:59:29 +0800] "GET /index.html HTTP/1.1" 307 71
::1 - - [25/Apr/2018:13:59:29 +0800] "GET /index.html HTTP/1.1" 307 71
::1 - - [25/Apr/2018:13:59:29 +0800] "GET /index.html HTTP/1.1" 307 71
::1 - - [25/Apr/2018:13:59:29 +0800] "GET /index.html HTTP/1.1" 307 71
::1 - - [25/Apr/2018:13:59:29 +0800] "GET /index.html HTTP/1.1" 307 71
::1 - - [25/Apr/2018:13:59:29 +0800] "GET /index.html HTTP/1.1" 307 71
::1 - - [25/Apr/2018:13:59:29 +0800] "GET /index.html HTTP/1.1" 307 71
::1 - - [25/Apr/2018:13:59:29 +0800] "GET /index.html HTTP/1.1" 307 71
::1 - - [25/Apr/2018:13:59:29 +0800] "GET /index.html HTTP/1.1" 307 71
::1 - - [25/Apr/2018:13:59:29 +0800] "GET /index.html HTTP/1.1" 307 71
::1 - - [25/Apr/2018:13:59:29 +0800] "GET /index.html HTTP/1.1" 307 71
::1 - - [25/Apr/2018:13:59:29 +0800] "GET /index.html HTTP/1.1" 307 71
::1 - - [25/Apr/2018:13:59:29 +0800] "GET /index.html HTTP/1.1" 307 71
::1 - - [25/Apr/2018:13:59:29 +0800] "GET /index.html HTTP/1.1" 307 71
::1 - - [25/Apr/2018:13:59:29 +0800] "GET /index.html HTTP/1.1" 307 71
::1 - - [25/Apr/2018:13:59:29 +0800] "GET /index.html HTTP/1.1" 307 71
::1 - - [25/Apr/2018:13:59:29 +0800] "GET /index.html HTTP/1.1" 307 71
::1 - - [25/Apr/2018:13:59:29 +0800] "GET /index.html HTTP/1.1" 307 71
::1 - - [25/Apr/2018:13:59:29 +0800] "GET /index.html HTTP/1.1" 307 71
::1 - - [25/Apr/2018:13:59:29 +0800] "GET /index.html HTTP/1.1" 307 71
::1 - - [25/Apr/2018:13:59:29 +0800] "GET /index.html HTTP/1.1" 307 71
::1 - - [25/Apr/2018:13:59:29 +0800] "GET /index.html HTTP/1.1" 307 71
::1 - - [25/Apr/2018:13:59:29 +0800] "GET /index.html HTTP/1.1" 307 71
::1 - - [25/Apr/2018:13:59:29 +0800] "GET /index.html HTTP/1.1" 307 71
::1 - - [25/Apr/2018:13:59:29 +0800] "GET /index.html HTTP/1.1" 307 71
::1 - - [25/Apr/2018:13:59:29 +0800] "GET /index.html HTTP/1.1" 307 71
::1 - - [25/Apr/2018:13:59:29 +0800] "GET /index.html HTTP/1.1" 307 71
::1 - - [25/Apr/2018:13:59:29 +0800] "GET /index.html HTTP/1.1" 307 71
::1 - - [25/Apr/2018:13:59:29 +0800] "GET /index.html HTTP/1.1" 307 71
::1 - - [25/Apr/2018:13:59:29 +0800] "GET /index.html HTTP/1.1" 307 71
::1 - - [25/Apr/2018:13:59:29 +0800] "GET /index.html HTTP/1.1" 307 71
::1 - - [25/Apr/2018:13:59:29 +0800] "GET /index.html HTTP/1.1" 307 71
::1 - - [25/Apr/2018:13:59:29 +0800] "GET /index.html HTTP/1.1" 307 71
::1 - - [25/Apr/2018:13:59:29 +0800] "GET /index.html HTTP/1.1" 307 71
::1 - - [25/Apr/2018:13:59:29 +0800] "GET /index.html HTTP/1.1" 307 71
::1 - - [25/Apr/2018:13:59:29 +0800] "GET /index.html HTTP/1.1" 307 71
::1 - - [25/Apr/2018:13:59:29 +0800] "GET /index.html HTTP/1.1" 307 71
::1 - - [25/Apr/2018:13:59:29 +0800] "GET /index.html HTTP/1.1" 307 71
::1 - - [25/Apr/2018:13:59:29 +0800] "GET /index.html HTTP/1.1" 307 71
::1 - - [25/Apr/2018:13:59:29 +0800] "GET /index.html HTTP/1.1" 307 71
::1 - - [25/Apr/2018:13:59:29 +0800] "GET /index.html HTTP/1.1" 307 71
::1 - - [25/Apr/2018:13:59:29 +0800] "GET /index.html HTTP/1.1" 307 71
::1 - - [25/Apr/2018:13:59:29 +0800] "GET /index.html HTTP/1.1" 307 71
::1 - - [25/Apr/2018:13:59:29 +0800] "GET /index.html HTTP/1.1" 307 71
::1 - - [25/Apr/2018:13:59:29 +0800] "GET /index.html HTTP/1.1" 307 71
::1 - - [25/Apr/2018:13:59:29 +0800] "GET /index.html HTTP/1.1" 307 71
::1 - - [25/Apr/2018:13:59:29 +0800] "GET /index.html HTTP/1.1" 307 71
::1 - - [25/Apr/2018:13:59:29 +0800] "GET /index.html HTTP/1.1" 307 71
::1 - - [25/Apr/2018:13:59:29 +0800] "GET /index.html HTTP/1.1" 307 71
::1 - - [25/Apr/2018:13:59:29 +0800] "GET /index.html HTTP/1.1" 307 71
::1 - - [25/Apr/2018:13:59:29 +0800] "GET /index.html HTTP/1.1" 307 71
::1 - - [25/Apr/2018:13:59:29 +0800] "GET /index.html HTTP/1.1" 307 71
::1 - - [25/Apr/2018:13:59:29 +0800] "GET /index.html HTTP/1.1" 307 71
::1 - - [25/Apr/2018:13:59:29 +0800] "GET /index.html HTTP/1.1" 307 71
::1 - - [25/Apr/2018:13:59:29 +0800] "GET /index.html HTTP/1.1" 307 71
::1 - - [25/Apr/2018:13:59:29 +0800] "GET /index.html HTTP/1.1" 307 71
::1 - - [25/Apr/2018:13:59:29 +0800] "GET /index.html HTTP/1.1" 307 71
::1 - - [25/Apr/2018:13:59:29 +0800] "GET /index.html HTTP/1.1" 307 71
::1 - - [25/Apr/2018:13:59:29 +0800] "GET /index.html HTTP/1.1" 307 71
::1 - - [25/Apr/2018:13:59:29 +0800] "GET /index.html HTTP/1.1" 307 71
::1 - - [25/Apr/2018:13:59:29 +0800] "GET /index.html HTTP/1.1" 307 71
::1 - - [25/Apr/2018:13:59:29 +0800] "GET /index.html HTTP/1.1" 307 71
::1 - - [25/Apr/2018:13:59:29 +0800] "GET /index.html HTTP/1.1" 307 71
::1 - - [25/Apr/2018:13:59:29 +0800] "GET /index.html HTTP/1.1" 307 71
::1 - - [25/Apr/2018:13:59:29 +0800] "GET /index.html HTTP/1.1" 307 71
::1 - - [25/Apr/2018:13:59:29 +0800] "GET /index.html HTTP/1.1" 307 71
::1 - - [25/Apr/2018:13:59:29 +0800] "GET /index.html HTTP/1.1" 307 71
::1 - - [25/Apr/2018:13:59:29 +0800] "GET /index.html HTTP/1.1" 307 71
::1 - - [25/Apr/2018:13:59:29 +0800] "GET /index.html HTTP/1.1" 307 71
::1 - - [25/Apr/2018:13:59:29 +0800] "GET /index.html HTTP/1.1" 307 71
::1 - - [25/Apr/2018:13:59:29 +0800] "GET /index.html HTTP/1.1" 307 71
::1 - - [25/Apr/2018:13:59:29 +0800] "GET /index.html HTTP/1.1" 307 71
::1 - - [25/Apr/2018:13:59:29 +0800] "GET /index.html HTTP/1.1" 307 71
::1 - - [25/Apr/2018:13:59:29 +0800] "GET /index.html HTTP/1.1" 307 71
::1 - - [25/Apr/2018:13:59:29 +0800] "GET /index.html HTTP/1.1" 307 71
::1 - - [25/Apr/2018:13:59:29 +0800] "GET /index.html HTTP/1.1" 307 71
::1 - - [25/Apr/2018:13:59:29 +0800] "GET /index.html HTTP/1.1" 307 71
::1 - - [25/Apr/2018:13:59:29 +0800] "GET /index.html HTTP/1.1" 307 71
::1 - - [25/Apr/2018:13:59:29 +0800] "GET /index.html HTTP/1.1" 307 71
::1 - - [25/Apr/2018:13:59:29 +0800] "GET /index.html HTTP/1.1" 307 71
::1 - - [25/Apr/2018:13:59:29 +0800] "GET /index.html HTTP/1.1" 307 71
::1 - - [25/Apr/2018:13:59:29 +0800] "GET /index.html HTTP/1.1" 307 71
::1 - - [25/Apr/2018:13:59:29 +0800] "GET /index.html HTTP/1.1" 307 71
::1 - - [25/Apr/2018:13:59:29 +0800] "GET /index.html HTTP/1.1" 307 71
::1 - - [25/Apr/2018:13:59:29 +0800] "GET /index.html HTTP/1.1" 307 71
::1 - - [25/Apr/2018:13:59:29 +0800] "GET /index.html HTTP/1.1" 307 71
::1 - - [25/Apr/2018:13:59:29 +0800] "GET /index.html HTTP/1.1" 307 71
::1 - - [25/Apr/2018:13:59:29 +0800] "GET /index.html HTTP/1.1" 307 71
::1 - - [25/Apr/2018:13:59:29 +0800] "GET /index.html HTTP/1.1" 307 71
::1 - - [25/Apr/2018:13:59:29 +0800] "GET /index.html HTTP/1.1" 307 71
::1 - - [25/Apr/2018:13:59:29 +0800] "GET /index.html HTTP/1.1" 307 71
::1 - - [25/Apr/2018:13:59:29 +0800] "GET /index.html HTTP/1.1" 307 71
::1 - - [25/Apr/2018:13:59:29 +0800] "GET /index.html HTTP/1.1" 307 71
::1 - - [25/Apr/2018:13:59:29 +0800] "GET /index.html HTTP/1.1" 307 71
::1 - - [25/Apr/2018:13:59:29 +0800] "GET /index.html HTTP/1.1" 307 71
::1 - - [25/Apr/2018:13:59:30 +0800] "GET /index.html HTTP/1.1" 307 71
::1 - - [25/Apr/2018:13:59:30 +0800] "GET /index.html HTTP/1.1" 307 71
::1 - - [25/Apr/2018:13:59:30 +0800] "GET /index.html HTTP/1.1" 307 71
::1 - - [25/Apr/2018:13:59:30 +0800] "GET /index.html HTTP/1.1" 307 71
::1 - - [25/Apr/2018:13:59:30 +0800] "GET /index.html HTTP/1.1" 307 71
::1 - - [25/Apr/2018:13:59:30 +0800] "GET /index.html HTTP/1.1" 307 71
::1 - - [25/Apr/2018:13:59:30 +0800] "GET /index.html HTTP/1.1" 307 71
::1 - - [25/Apr/2018:13:59:30 +0800] "GET /index.html HTTP/1.1" 307 71
::1 - - [25/Apr/2018:13:59:30 +0800] "GET /index.html HTTP/1.1" 307 71
::1 - - [25/Apr/2018:13:59:30 +0800] "GET /index.html HTTP/1.1" 307 71
::1 - - [25/Apr/2018:13:59:30 +0800] "GET /index.html HTTP/1.1" 307 71
::1 - - [25/Apr/2018:13:59:30 +0800] "GET /index.html HTTP/1.1" 307 71
::1 - - [25/Apr/2018:13:59:30 +0800] "GET /index.html HTTP/1.1" 307 71
::1 - - [25/Apr/2018:13:59:30 +0800] "GET /index.html HTTP/1.1" 307 71
::1 - - [25/Apr/2018:13:59:30 +0800] "GET /index.html HTTP/1.1" 307 71
::1 - - [25/Apr/2018:13:59:30 +0800] "GET /index.html HTTP/1.1" 307 71
::1 - - [25/Apr/2018:13:59:30 +0800] "GET /index.html HTTP/1.1" 307 71
::1 - - [25/Apr/2018:13:59:30 +0800] "GET /index.html HTTP/1.1" 307 71
::1 - - [25/Apr/2018:13:59:30 +0800] "GET /index.html HTTP/1.1" 307 71
::1 - - [25/Apr/2018:13:59:30 +0800] "GET /index.html HTTP/1.1" 307 71
::1 - - [25/Apr/2018:14:00:04 +0800] "GET /index.html HTTP/1.1" 301 60
::1 - - [25/Apr/2018:14:00:04 +0800] "GET / HTTP/1.1" 200 444
::1 - - [25/Apr/2018:14:00:05 +0800] "GET /static/css/app.f1cf5745017d60f6769030f3dbaf1b61.css HTTP/1.1" 200 93
::1 - - [25/Apr/2018:14:00:05 +0800] "GET /static/js/app.7eff737f0718a3e8602d.js HTTP/1.1" 200 925
::1 - - [25/Apr/2018:14:00:05 +0800] "GET /static/js/manifest.2ae2e69a05c33dfc65f8.js HTTP/1.1" 200 500
::1 - - [25/Apr/2018:14:00:05 +0800] "GET /static/js/vendor.522563e38c6b6cbc0cd5.js HTTP/1.1" 200 42363
::1 - - [25/Apr/2018:14:00:05 +0800] "GET /static/js/manifest.2ae2e69a05c33dfc65f8.js.map HTTP/1.1" 304 0
::1 - - [25/Apr/2018:14:00:05 +0800] "GET /static/css/app.f1cf5745017d60f6769030f3dbaf1b61.css.map HTTP/1.1" 304 0
::1 - - [25/Apr/2018:14:00:05 +0800] "GET /static/js/vendor.522563e38c6b6cbc0cd5.js.map HTTP/1.1" 304 0
::1 - - [25/Apr/2018:14:00:05 +0800] "GET /static/js/app.7eff737f0718a3e8602d.js.map HTTP/1.1" 304 0
::1 - - [25/Apr/2018:14:00:06 +0800] "GET / HTTP/1.1" 200 444
::1 - - [25/Apr/2018:14:00:06 +0800] "GET / HTTP/1.1" 200 444
::1 - - [25/Apr/2018:14:00:09 +0800] "GET / HTTP/1.1" 200 444
::1 - - [25/Apr/2018:14:00:12 +0800] "GET /sasasa HTTP/1.1" 404 52
::1 - - [25/Apr/2018:14:00:13 +0800] "GET /sasasa HTTP/1.1" 404 52
::1 - - [25/Apr/2018:14:00:13 +0800] "GET /sasasa HTTP/1.1" 404 52
::1 - - [25/Apr/2018:14:01:36 +0800] "GET /sasasa HTTP/1.1" 404 52
::1 - - [25/Apr/2018:14:01:36 +0800] "GET /robots.txt HTTP/1.1" 404 52
::1 - - [25/Apr/2018:14:01:37 +0800] "GET /sasasa HTTP/1.1" 404 52
::1 - - [25/Apr/2018:14:01:38 +0800] "GET / HTTP/1.1" 304 0
::1 - - [25/Apr/2018:14:01:38 +0800] "GET /static/js/app.7eff737f0718a3e8602d.js HTTP/1.1" 304 0
::1 - - [25/Apr/2018:14:01:38 +0800] "GET /static/js/manifest.2ae2e69a05c33dfc65f8.js HTTP/1.1" 304 0
::1 - - [25/Apr/2018:14:01:38 +0800] "GET /static/js/vendor.522563e38c6b6cbc0cd5.js HTTP/1.1" 304 0
::1 - - [25/Apr/2018:14:01:38 +0800] "GET /static/css/app.f1cf5745017d60f6769030f3dbaf1b61.css HTTP/1.1" 304 0
::1 - - [25/Apr/2018:14:01:38 +0800] "GET /static/js/vendor.522563e38c6b6cbc0cd5.js.map HTTP/1.1" 304 0
::1 - - [25/Apr/2018:14:01:38 +0800] "GET /static/js/manifest.2ae2e69a05c33dfc65f8.js.map HTTP/1.1" 304 0
::1 - - [25/Apr/2018:14:01:38 +0800] "GET /static/css/app.f1cf5745017d60f6769030f3dbaf1b61.css.map HTTP/1.1" 304 0
::1 - - [25/Apr/2018:14:01:38 +0800] "GET /static/js/app.7eff737f0718a3e8602d.js.map HTTP/1.1" 304 0
::1 - - [25/Apr/2018:14:01:39 +0800] "GET / HTTP/1.1" 304 0
::1 - - [25/Apr/2018:14:01:43 +0800] "GET / HTTP/1.1" 304 0
::1 - - [25/Apr/2018:14:01:43 +0800] "GET / HTTP/1.1" 304 0
::1 - - [25/Apr/2018:14:01:56 +0800] "GET / HTTP/1.1" 304 0
::1 - - [25/Apr/2018:14:01:57 +0800] "GET / HTTP/1.1" 304 0
::1 - - [25/Apr/2018:14:02:01 +0800] "GET /sa HTTP/1.1" 404 52
::1 - - [25/Apr/2018:14:03:15 +0800] "GET /sa HTTP/1.1" 200 444
::1 - - [25/Apr/2018:14:03:15 +0800] "GET /static/css/app.f1cf5745017d60f6769030f3dbaf1b61.css HTTP/1.1" 304 0
::1 - - [25/Apr/2018:14:03:15 +0800] "GET /static/js/vendor.522563e38c6b6cbc0cd5.js HTTP/1.1" 304 0
::1 - - [25/Apr/2018:14:03:15 +0800] "GET /static/js/manifest.2ae2e69a05c33dfc65f8.js HTTP/1.1" 304 0
::1 - - [25/Apr/2018:14:03:15 +0800] "GET /static/js/app.7eff737f0718a3e8602d.js HTTP/1.1" 304 0
::1 - - [25/Apr/2018:14:03:15 +0800] "GET /static/js/manifest.2ae2e69a05c33dfc65f8.js.map HTTP/1.1" 304 0
::1 - - [25/Apr/2018:14:03:15 +0800] "GET /static/css/app.f1cf5745017d60f6769030f3dbaf1b61.css.map HTTP/1.1" 304 0
::1 - - [25/Apr/2018:14:03:15 +0800] "GET /static/js/vendor.522563e38c6b6cbc0cd5.js.map HTTP/1.1" 304 0
::1 - - [25/Apr/2018:14:03:15 +0800] "GET /static/js/app.7eff737f0718a3e8602d.js.map HTTP/1.1" 304 0
::1 - - [25/Apr/2018:14:03:16 +0800] "GET /sa HTTP/1.1" 200 444
::1 - - [25/Apr/2018:14:03:18 +0800] "GET /sasasa HTTP/1.1" 200 444
::1 - - [25/Apr/2018:14:03:19 +0800] "GET /sasasa HTTP/1.1" 200 444
::1 - - [25/Apr/2018:14:03:19 +0800] "GET /sasasa HTTP/1.1" 200 444
::1 - - [25/Apr/2018:14:03:44 +0800] "GET /sasas HTTP/1.1" 200 444
::1 - - [25/Apr/2018:14:04:38 +0800] "GET /sasas HTTP/1.1" 301 60
::1 - - [25/Apr/2018:14:04:38 +0800] "GET / HTTP/1.1" 304 0
::1 - - [25/Apr/2018:14:04:38 +0800] "GET /robots.txt HTTP/1.1" 301 60
::1 - - [25/Apr/2018:14:04:38 +0800] "GET / HTTP/1.1" 200 444
::1 - - [25/Apr/2018:14:04:38 +0800] "GET / HTTP/1.1" 200 444
::1 - - [25/Apr/2018:14:04:39 +0800] "GET / HTTP/1.1" 200 444
::1 - - [25/Apr/2018:14:04:42 +0800] "GET /sasasa HTTP/1.1" 301 60
::1 - - [25/Apr/2018:14:04:42 +0800] "GET /static/css/app.f1cf5745017d60f6769030f3dbaf1b61.css HTTP/1.1" 304 0
::1 - - [25/Apr/2018:14:04:42 +0800] "GET /static/js/manifest.2ae2e69a05c33dfc65f8.js HTTP/1.1" 304 0
::1 - - [25/Apr/2018:14:04:42 +0800] "GET /static/js/vendor.522563e38c6b6cbc0cd5.js HTTP/1.1" 304 0
::1 - - [25/Apr/2018:14:04:42 +0800] "GET /static/js/app.7eff737f0718a3e8602d.js HTTP/1.1" 304 0
::1 - - [25/Apr/2018:14:04:42 +0800] "GET /static/js/manifest.2ae2e69a05c33dfc65f8.js HTTP/1.1" 304 0
::1 - - [25/Apr/2018:14:04:42 +0800] "GET /static/js/app.7eff737f0718a3e8602d.js HTTP/1.1" 304 0
::1 - - [25/Apr/2018:14:04:42 +0800] "GET /static/js/vendor.522563e38c6b6cbc0cd5.js HTTP/1.1" 304 0
::1 - - [25/Apr/2018:14:04:43 +0800] "GET /static/js/manifest.2ae2e69a05c33dfc65f8.js.map HTTP/1.1" 304 0
::1 - - [25/Apr/2018:14:04:43 +0800] "GET /static/js/vendor.522563e38c6b6cbc0cd5.js.map HTTP/1.1" 304 0
::1 - - [25/Apr/2018:14:04:43 +0800] "GET /static/js/app.7eff737f0718a3e8602d.js.map HTTP/1.1" 304 0
::1 - - [25/Apr/2018:14:04:43 +0800] "GET /static/css/app.f1cf5745017d60f6769030f3dbaf1b61.css.map HTTP/1.1" 304 0
::1 - - [25/Apr/2018:14:04:44 +0800] "GET / HTTP/1.1" 200 444
::1 - - [25/Apr/2018:14:06:53 +0800] "GET / HTTP/1.1" 200 442
::1 - - [25/Apr/2018:14:06:53 +0800] "GET /static/css/app.f1cf5745017d60f6769030f3dbaf1b61.css HTTP/1.1" 200 93
::1 - - [25/Apr/2018:14:06:53 +0800] "GET /static/js/manifest.2ae2e69a05c33dfc65f8.js HTTP/1.1" 200 500
::1 - - [25/Apr/2018:14:06:53 +0800] "GET /static/js/app.5616ad2b2fa84264f0e4.js HTTP/1.1" 200 937
::1 - - [25/Apr/2018:14:06:53 +0800] "GET /static/js/vendor.522563e38c6b6cbc0cd5.js HTTP/1.1" 200 42363
::1 - - [25/Apr/2018:14:06:53 +0800] "GET /static/js/manifest.2ae2e69a05c33dfc65f8.js.map HTTP/1.1" 200 4972
::1 - - [25/Apr/2018:14:06:53 +0800] "GET /static/css/app.f1cf5745017d60f6769030f3dbaf1b61.css.map HTTP/1.1" 200 101
::1 - - [25/Apr/2018:14:06:53 +0800] "GET /static/js/vendor.522563e38c6b6cbc0cd5.js.map HTTP/1.1" 200 594238
::1 - - [25/Apr/2018:14:06:53 +0800] "GET /static/js/app.5616ad2b2fa84264f0e4.js.map HTTP/1.1" 200 16613
::1 - - [25/Apr/2018:14:06:57 +0800] "GET /sasa HTTP/1.1" 301 60
::1 - - [25/Apr/2018:14:07:00 +0800] "GET /sasada HTTP/1.1" 301 60
::1 - - [25/Apr/2018:14:07:00 +0800] "GET / HTTP/1.1" 304 0
::1 - - [25/Apr/2018:14:07:00 +0800] "GET /static/css/app.f1cf5745017d60f6769030f3dbaf1b61.css HTTP/1.1" 304 0
::1 - - [25/Apr/2018:14:07:00 +0800] "GET /static/js/vendor.522563e38c6b6cbc0cd5.js HTTP/1.1" 304 0
::1 - - [25/Apr/2018:14:07:00 +0800] "GET /static/js/manifest.2ae2e69a05c33dfc65f8.js HTTP/1.1" 304 0
::1 - - [25/Apr/2018:14:07:00 +0800] "GET /static/js/app.5616ad2b2fa84264f0e4.js HTTP/1.1" 304 0
::1 - - [25/Apr/2018:14:07:00 +0800] "GET /static/js/manifest.2ae2e69a05c33dfc65f8.js.map HTTP/1.1" 304 0
::1 - - [25/Apr/2018:14:07:00 +0800] "GET /static/js/vendor.522563e38c6b6cbc0cd5.js.map HTTP/1.1" 200 594238
::1 - - [25/Apr/2018:14:07:00 +0800] "GET /static/css/app.f1cf5745017d60f6769030f3dbaf1b61.css.map HTTP/1.1" 304 0
::1 - - [25/Apr/2018:14:07:00 +0800] "GET /static/js/app.5616ad2b2fa84264f0e4.js.map HTTP/1.1" 304 0
::1 - - [25/Apr/2018:14:07:16 +0800] "GET / HTTP/1.1" 304 0
::1 - - [25/Apr/2018:14:07:16 +0800] "GET /static/css/app.f1cf5745017d60f6769030f3dbaf1b61.css HTTP/1.1" 304 0
::1 - - [25/Apr/2018:14:07:16 +0800] "GET /static/js/app.5616ad2b2fa84264f0e4.js HTTP/1.1" 304 0
::1 - - [25/Apr/2018:14:07:16 +0800] "GET /static/js/manifest.2ae2e69a05c33dfc65f8.js HTTP/1.1" 304 0
::1 - - [25/Apr/2018:14:07:16 +0800] "GET /static/js/vendor.522563e38c6b6cbc0cd5.js HTTP/1.1" 304 0
::1 - - [25/Apr/2018:14:07:16 +0800] "GET /static/js/manifest.2ae2e69a05c33dfc65f8.js.map HTTP/1.1" 304 0
::1 - - [25/Apr/2018:14:07:16 +0800] "GET /static/js/vendor.522563e38c6b6cbc0cd5.js.map HTTP/1.1" 304 0
::1 - - [25/Apr/2018:14:07:16 +0800] "GET /static/js/app.5616ad2b2fa84264f0e4.js.map HTTP/1.1" 304 0
::1 - - [25/Apr/2018:14:07:16 +0800] "GET /static/css/app.f1cf5745017d60f6769030f3dbaf1b61.css.map HTTP/1.1" 304 0
::1 - - [25/Apr/2018:14:07:28 +0800] "GET /dasadasa/sasa HTTP/1.1" 301 73
::1 - - [25/Apr/2018:14:07:28 +0800] "GET /?/dasadasa/sasa HTTP/1.1" 200 442
::1 - - [25/Apr/2018:14:07:28 +0800] "GET /static/css/app.f1cf5745017d60f6769030f3dbaf1b61.css HTTP/1.1" 304 0
::1 - - [25/Apr/2018:14:07:28 +0800] "GET /static/js/manifest.2ae2e69a05c33dfc65f8.js HTTP/1.1" 304 0
::1 - - [25/Apr/2018:14:07:28 +0800] "GET /static/js/vendor.522563e38c6b6cbc0cd5.js HTTP/1.1" 304 0
::1 - - [25/Apr/2018:14:07:28 +0800] "GET /static/js/app.5616ad2b2fa84264f0e4.js HTTP/1.1" 304 0
::1 - - [25/Apr/2018:14:07:28 +0800] "GET /static/js/manifest.2ae2e69a05c33dfc65f8.js.map HTTP/1.1" 304 0
::1 - - [25/Apr/2018:14:07:28 +0800] "GET /static/js/vendor.522563e38c6b6cbc0cd5.js.map HTTP/1.1" 304 0
::1 - - [25/Apr/2018:14:07:28 +0800] "GET /static/js/app.5616ad2b2fa84264f0e4.js.map HTTP/1.1" 304 0
::1 - - [25/Apr/2018:14:07:28 +0800] "GET /static/css/app.f1cf5745017d60f6769030f3dbaf1b61.css.map HTTP/1.1" 304 0
::1 - - [25/Apr/2018:14:07:44 +0800] "GET /?%2Fdasadasa%2Fsasa HTTP/1.1" 200 442
::1 - - [25/Apr/2018:14:07:44 +0800] "GET /static/css/app.f1cf5745017d60f6769030f3dbaf1b61.css HTTP/1.1" 304 0
::1 - - [25/Apr/2018:14:07:45 +0800] "GET /static/js/vendor.522563e38c6b6cbc0cd5.js HTTP/1.1" 304 0
::1 - - [25/Apr/2018:14:07:45 +0800] "GET /static/js/app.5616ad2b2fa84264f0e4.js HTTP/1.1" 304 0
::1 - - [25/Apr/2018:14:07:45 +0800] "GET /static/js/manifest.2ae2e69a05c33dfc65f8.js HTTP/1.1" 304 0
::1 - - [25/Apr/2018:14:07:45 +0800] "GET /static/js/manifest.2ae2e69a05c33dfc65f8.js.map HTTP/1.1" 304 0
::1 - - [25/Apr/2018:14:07:45 +0800] "GET /static/js/vendor.522563e38c6b6cbc0cd5.js.map HTTP/1.1" 304 0
::1 - - [25/Apr/2018:14:07:45 +0800] "GET /static/js/app.5616ad2b2fa84264f0e4.js.map HTTP/1.1" 304 0
::1 - - [25/Apr/2018:14:07:45 +0800] "GET /static/css/app.f1cf5745017d60f6769030f3dbaf1b61.css.map HTTP/1.1" 304 0
::1 - - [25/Apr/2018:14:07:46 +0800] "GET / HTTP/1.1" 304 0
::1 - - [25/Apr/2018:14:07:50 +0800] "GET /home HTTP/1.1" 200 442
::1 - - [25/Apr/2018:14:07:54 +0800] "GET /kaka HTTP/1.1" 200 442
::1 - - [25/Apr/2018:14:07:55 +0800] "GET /kaka HTTP/1.1" 200 442
::1 - - [25/Apr/2018:14:07:58 +0800] "GET /lsasa/sasa HTTP/1.1" 200 442
::1 - - [25/Apr/2018:14:07:58 +0800] "GET /static/css/app.f1cf5745017d60f6769030f3dbaf1b61.css HTTP/1.1" 304 0
::1 - - [25/Apr/2018:14:07:58 +0800] "GET /static/js/vendor.522563e38c6b6cbc0cd5.js HTTP/1.1" 304 0
::1 - - [25/Apr/2018:14:07:58 +0800] "GET /static/js/manifest.2ae2e69a05c33dfc65f8.js HTTP/1.1" 304 0
::1 - - [25/Apr/2018:14:07:58 +0800] "GET /static/js/app.5616ad2b2fa84264f0e4.js HTTP/1.1" 304 0
::1 - - [25/Apr/2018:14:07:58 +0800] "GET /static/js/manifest.2ae2e69a05c33dfc65f8.js.map HTTP/1.1" 304 0
::1 - - [25/Apr/2018:14:07:58 +0800] "GET /static/js/app.5616ad2b2fa84264f0e4.js.map HTTP/1.1" 304 0
::1 - - [25/Apr/2018:14:07:58 +0800] "GET /static/css/app.f1cf5745017d60f6769030f3dbaf1b61.css.map HTTP/1.1" 304 0
::1 - - [25/Apr/2018:14:07:58 +0800] "GET /static/js/vendor.522563e38c6b6cbc0cd5.js.map HTTP/1.1" 304 0
::1 - - [25/Apr/2018:14:07:58 +0800] "GET /lsasa/static/favicon.ico HTTP/1.1" 200 442
::1 - - [25/Apr/2018:14:24:38 +0800] "GET / HTTP/1.1" 304 0
::1 - - [25/Apr/2018:14:24:41 +0800] "GET /sa HTTP/1.1" 200 442
::1 - - [25/Apr/2018:14:24:45 +0800] "GET /sasasa/sasa HTTP/1.1" 200 442
::1 - - [25/Apr/2018:14:24:45 +0800] "GET /sasasa/static/favicon.ico HTTP/1.1" 200 442
::1 - - [25/Apr/2018:14:27:15 +0800] "GET / HTTP/1.1" 200 442
::1 - - [25/Apr/2018:14:27:15 +0800] "GET /static/js/app.5616ad2b2fa84264f0e4.js HTTP/1.1" 304 0
::1 - - [25/Apr/2018:14:27:15 +0800] "GET /static/js/manifest.2ae2e69a05c33dfc65f8.js HTTP/1.1" 304 0
::1 - - [25/Apr/2018:14:27:15 +0800] "GET /static/js/vendor.522563e38c6b6cbc0cd5.js HTTP/1.1" 304 0
::1 - - [25/Apr/2018:14:27:15 +0800] "GET /static/css/app.f1cf5745017d60f6769030f3dbaf1b61.css HTTP/1.1" 304 0
::1 - - [25/Apr/2018:14:27:15 +0800] "GET /static/js/manifest.2ae2e69a05c33dfc65f8.js.map HTTP/1.1" 304 0
::1 - - [25/Apr/2018:14:27:15 +0800] "GET /static/js/vendor.522563e38c6b6cbc0cd5.js.map HTTP/1.1" 304 0
::1 - - [25/Apr/2018:14:27:15 +0800] "GET /static/js/app.5616ad2b2fa84264f0e4.js.map HTTP/1.1" 304 0
::1 - - [25/Apr/2018:14:27:15 +0800] "GET /static/css/app.f1cf5745017d60f6769030f3dbaf1b61.css.map HTTP/1.1" 304 0
::1 - - [25/Apr/2018:14:27:15 +0800] "GET / HTTP/1.1" 200 442
::1 - - [25/Apr/2018:14:27:18 +0800] "GET /sa HTTP/1.1" 304 0
::1 - - [25/Apr/2018:14:27:22 +0800] "GET /sa/sasa HTTP/1.1" 200 442
::1 - - [25/Apr/2018:14:27:22 +0800] "GET /sa/static/favicon.ico HTTP/1.1" 200 442
::1 - - [25/Apr/2018:14:27:23 +0800] "GET /sa/sasa HTTP/1.1" 200 442
::1 - - [25/Apr/2018:14:27:23 +0800] "GET / HTTP/1.1" 200 442
::1 - - [25/Apr/2018:14:27:23 +0800] "GET /sa/sasa HTTP/1.1" 200 442
::1 - - [25/Apr/2018:14:27:24 +0800] "GET /sa/sasa HTTP/1.1" 200 442
::1 - - [25/Apr/2018:14:27:24 +0800] "GET /sa/sasa HTTP/1.1" 200 442
::1 - - [25/Apr/2018:14:27:24 +0800] "GET /sa/sasa HTTP/1.1" 200 442
::1 - - [25/Apr/2018:14:27:27 +0800] "GET /sa/sasa/sasa HTTP/1.1" 200 442
::1 - - [25/Apr/2018:14:27:27 +0800] "GET /sa/sasa/static/favicon.ico HTTP/1.1" 200 442
::1 - - [25/Apr/2018:14:27:28 +0800] "GET /sa/sasa/sasa HTTP/1.1" 200 442
::1 - - [25/Apr/2018:14:27:33 +0800] "GET /sa/sasa/sasa HTTP/1.1" 200 442
::1 - - [25/Apr/2018:14:27:33 +0800] "GET /static/js/app.5616ad2b2fa84264f0e4.js HTTP/1.1" 200 937
::1 - - [25/Apr/2018:14:27:33 +0800] "GET /static/js/manifest.2ae2e69a05c33dfc65f8.js HTTP/1.1" 200 500
::1 - - [25/Apr/2018:14:27:33 +0800] "GET /static/css/app.f1cf5745017d60f6769030f3dbaf1b61.css HTTP/1.1" 200 93
::1 - - [25/Apr/2018:14:27:33 +0800] "GET /static/js/vendor.522563e38c6b6cbc0cd5.js HTTP/1.1" 200 42363
::1 - - [25/Apr/2018:14:27:34 +0800] "GET /static/css/app.f1cf5745017d60f6769030f3dbaf1b61.css.map HTTP/1.1" 200 101
::1 - - [25/Apr/2018:14:27:34 +0800] "GET /static/js/manifest.2ae2e69a05c33dfc65f8.js.map HTTP/1.1" 200 4972
::1 - - [25/Apr/2018:14:27:34 +0800] "GET /static/js/app.5616ad2b2fa84264f0e4.js.map HTTP/1.1" 200 16613
::1 - - [25/Apr/2018:14:27:34 +0800] "GET /static/js/vendor.522563e38c6b6cbc0cd5.js.map HTTP/1.1" 200 594238
::1 - - [25/Apr/2018:14:27:34 +0800] "GET /sa/sasa/static/favicon.ico HTTP/1.1" 200 442
::1 - - [25/Apr/2018:14:27:34 +0800] "GET /sa/sasa/static/favicon.ico HTTP/1.1" 200 442
::1 - - [25/Apr/2018:14:27:34 +0800] "GET /sa/sasa/sasa HTTP/1.1" 200 442
::1 - - [25/Apr/2018:14:27:34 +0800] "GET /static/css/app.f1cf5745017d60f6769030f3dbaf1b61.css HTTP/1.1" 200 93
::1 - - [25/Apr/2018:14:27:34 +0800] "GET /static/js/manifest.2ae2e69a05c33dfc65f8.js HTTP/1.1" 200 500
::1 - - [25/Apr/2018:14:27:34 +0800] "GET /static/js/vendor.522563e38c6b6cbc0cd5.js HTTP/1.1" 200 42363
::1 - - [25/Apr/2018:14:27:34 +0800] "GET /static/js/app.5616ad2b2fa84264f0e4.js HTTP/1.1" 200 937
::1 - - [25/Apr/2018:14:27:34 +0800] "GET /static/js/manifest.2ae2e69a05c33dfc65f8.js.map HTTP/1.1" 200 4972
::1 - - [25/Apr/2018:14:27:34 +0800] "GET /static/css/app.f1cf5745017d60f6769030f3dbaf1b61.css.map HTTP/1.1" 200 101
::1 - - [25/Apr/2018:14:27:34 +0800] "GET /static/js/vendor.522563e38c6b6cbc0cd5.js.map HTTP/1.1" 200 594238
::1 - - [25/Apr/2018:14:27:34 +0800] "GET /static/js/app.5616ad2b2fa84264f0e4.js.map HTTP/1.1" 200 16613
::1 - - [25/Apr/2018:14:27:34 +0800] "GET /sa/sasa/static/favicon.ico HTTP/1.1" 200 442
::1 - - [25/Apr/2018:14:27:34 +0800] "GET /sa/sasa/static/favicon.ico HTTP/1.1" 200 442
::1 - - [25/Apr/2018:14:27:36 +0800] "GET /sa/sas HTTP/1.1" 200 442
::1 - - [25/Apr/2018:14:27:36 +0800] "GET /static/js/app.5616ad2b2fa84264f0e4.js HTTP/1.1" 200 937
::1 - - [25/Apr/2018:14:27:36 +0800] "GET /static/js/manifest.2ae2e69a05c33dfc65f8.js HTTP/1.1" 200 500
::1 - - [25/Apr/2018:14:27:36 +0800] "GET /static/css/app.f1cf5745017d60f6769030f3dbaf1b61.css HTTP/1.1" 200 93
::1 - - [25/Apr/2018:14:27:36 +0800] "GET /static/js/vendor.522563e38c6b6cbc0cd5.js HTTP/1.1" 200 42363
::1 - - [25/Apr/2018:14:27:36 +0800] "GET /static/js/manifest.2ae2e69a05c33dfc65f8.js.map HTTP/1.1" 200 4972
::1 - - [25/Apr/2018:14:27:36 +0800] "GET /static/js/app.5616ad2b2fa84264f0e4.js.map HTTP/1.1" 200 16613
::1 - - [25/Apr/2018:14:27:36 +0800] "GET /static/js/vendor.522563e38c6b6cbc0cd5.js.map HTTP/1.1" 200 594238
::1 - - [25/Apr/2018:14:27:36 +0800] "GET /static/css/app.f1cf5745017d60f6769030f3dbaf1b61.css.map HTTP/1.1" 200 101
::1 - - [25/Apr/2018:14:27:36 +0800] "GET /sa/static/favicon.ico HTTP/1.1" 200 442
::1 - - [25/Apr/2018:14:27:36 +0800] "GET /sa/static/favicon.ico HTTP/1.1" 200 442
::1 - - [25/Apr/2018:14:27:39 +0800] "GET /home HTTP/1.1" 200 442
::1 - - [25/Apr/2018:14:27:39 +0800] "GET /static/js/app.5616ad2b2fa84264f0e4.js HTTP/1.1" 200 937
::1 - - [25/Apr/2018:14:27:39 +0800] "GET /static/js/vendor.522563e38c6b6cbc0cd5.js HTTP/1.1" 200 42363
::1 - - [25/Apr/2018:14:27:39 +0800] "GET /static/js/manifest.2ae2e69a05c33dfc65f8.js HTTP/1.1" 200 500
::1 - - [25/Apr/2018:14:27:39 +0800] "GET /static/css/app.f1cf5745017d60f6769030f3dbaf1b61.css HTTP/1.1" 200 93
::1 - - [25/Apr/2018:14:27:39 +0800] "GET /static/js/manifest.2ae2e69a05c33dfc65f8.js.map HTTP/1.1" 200 4972
::1 - - [25/Apr/2018:14:27:39 +0800] "GET /static/js/app.5616ad2b2fa84264f0e4.js.map HTTP/1.1" 200 16613
::1 - - [25/Apr/2018:14:27:39 +0800] "GET /static/js/vendor.522563e38c6b6cbc0cd5.js.map HTTP/1.1" 200 594238
::1 - - [25/Apr/2018:14:27:39 +0800] "GET /static/css/app.f1cf5745017d60f6769030f3dbaf1b61.css.map HTTP/1.1" 200 101
::1 - - [25/Apr/2018:14:27:39 +0800] "GET /static/favicon.ico HTTP/1.1" 200 9662
::1 - - [25/Apr/2018:14:27:39 +0800] "GET /static/favicon.ico HTTP/1.1" 200 9662
::1 - - [25/Apr/2018:14:27:42 +0800] "GET / HTTP/1.1" 200 442
::1 - - [25/Apr/2018:14:27:42 +0800] "GET /static/css/app.f1cf5745017d60f6769030f3dbaf1b61.css HTTP/1.1" 200 93
::1 - - [25/Apr/2018:14:27:42 +0800] "GET /static/js/app.5616ad2b2fa84264f0e4.js HTTP/1.1" 200 937
::1 - - [25/Apr/2018:14:27:42 +0800] "GET /static/js/vendor.522563e38c6b6cbc0cd5.js HTTP/1.1" 200 42363
::1 - - [25/Apr/2018:14:27:42 +0800] "GET /static/js/manifest.2ae2e69a05c33dfc65f8.js HTTP/1.1" 200 500
::1 - - [25/Apr/2018:14:27:42 +0800] "GET /static/js/manifest.2ae2e69a05c33dfc65f8.js.map HTTP/1.1" 200 4972
::1 - - [25/Apr/2018:14:27:42 +0800] "GET /static/css/app.f1cf5745017d60f6769030f3dbaf1b61.css.map HTTP/1.1" 200 101
::1 - - [25/Apr/2018:14:27:42 +0800] "GET /static/js/vendor.522563e38c6b6cbc0cd5.js.map HTTP/1.1" 200 594238
::1 - - [25/Apr/2018:14:27:42 +0800] "GET /static/js/app.5616ad2b2fa84264f0e4.js.map HTTP/1.1" 200 16613
::1 - - [25/Apr/2018:14:27:42 +0800] "GET /static/favicon.ico HTTP/1.1" 200 9662
::1 - - [25/Apr/2018:14:27:42 +0800] "GET /static/favicon.ico HTTP/1.1" 200 9662
::1 - - [25/Apr/2018:14:30:13 +0800] "GET / HTTP/1.1" 200 442
::1 - - [25/Apr/2018:14:30:13 +0800] "GET /robots.txt HTTP/1.1" 200 442
::1 - - [25/Apr/2018:14:30:13 +0800] "GET /static/css/app.f1cf5745017d60f6769030f3dbaf1b61.css HTTP/1.1" 200 93
::1 - - [25/Apr/2018:14:30:13 +0800] "GET /static/js/manifest.2ae2e69a05c33dfc65f8.js HTTP/1.1" 200 500
::1 - - [25/Apr/2018:14:30:13 +0800] "GET /static/js/app.5616ad2b2fa84264f0e4.js HTTP/1.1" 200 937
::1 - - [25/Apr/2018:14:30:13 +0800] "GET /static/js/vendor.522563e38c6b6cbc0cd5.js HTTP/1.1" 200 42363
::1 - - [25/Apr/2018:14:30:13 +0800] "GET /static/js/manifest.2ae2e69a05c33dfc65f8.js.map HTTP/1.1" 200 4972
::1 - - [25/Apr/2018:14:30:13 +0800] "GET /static/css/app.f1cf5745017d60f6769030f3dbaf1b61.css.map HTTP/1.1" 200 101
::1 - - [25/Apr/2018:14:30:13 +0800] "GET /static/js/vendor.522563e38c6b6cbc0cd5.js.map HTTP/1.1" 200 594238
::1 - - [25/Apr/2018:14:30:13 +0800] "GET /static/js/app.5616ad2b2fa84264f0e4.js.map HTTP/1.1" 200 16613
::1 - - [25/Apr/2018:14:30:13 +0800] "GET /static/favicon.ico HTTP/1.1" 200 9662
::1 - - [25/Apr/2018:14:30:13 +0800] "GET /static/favicon.ico HTTP/1.1" 200 9662
::1 - - [25/Apr/2018:14:30:15 +0800] "GET /sas HTTP/1.1" 200 442
::1 - - [25/Apr/2018:14:30:15 +0800] "GET /static/js/manifest.2ae2e69a05c33dfc65f8.js HTTP/1.1" 200 500
::1 - - [25/Apr/2018:14:30:15 +0800] "GET /static/css/app.f1cf5745017d60f6769030f3dbaf1b61.css HTTP/1.1" 200 93
::1 - - [25/Apr/2018:14:30:15 +0800] "GET /static/js/app.5616ad2b2fa84264f0e4.js HTTP/1.1" 200 937
::1 - - [25/Apr/2018:14:30:15 +0800] "GET /static/js/vendor.522563e38c6b6cbc0cd5.js HTTP/1.1" 200 42363
::1 - - [25/Apr/2018:14:30:15 +0800] "GET /static/js/manifest.2ae2e69a05c33dfc65f8.js.map HTTP/1.1" 200 4972
::1 - - [25/Apr/2018:14:30:15 +0800] "GET /static/css/app.f1cf5745017d60f6769030f3dbaf1b61.css.map HTTP/1.1" 200 101
::1 - - [25/Apr/2018:14:30:16 +0800] "GET /static/js/vendor.522563e38c6b6cbc0cd5.js.map HTTP/1.1" 200 594238
::1 - - [25/Apr/2018:14:30:16 +0800] "GET /static/js/app.5616ad2b2fa84264f0e4.js.map HTTP/1.1" 200 16613
::1 - - [25/Apr/2018:14:30:16 +0800] "GET /static/favicon.ico HTTP/1.1" 200 9662
::1 - - [25/Apr/2018:14:30:16 +0800] "GET /static/favicon.ico HTTP/1.1" 200 9662
::1 - - [25/Apr/2018:14:34:36 +0800] "GET / HTTP/1.1" 200 442
::1 - - [25/Apr/2018:14:34:36 +0800] "GET /static/css/app.f1cf5745017d60f6769030f3dbaf1b61.css HTTP/1.1" 200 93
::1 - - [25/Apr/2018:14:34:36 +0800] "GET /static/js/manifest.2ae2e69a05c33dfc65f8.js HTTP/1.1" 200 500
::1 - - [25/Apr/2018:14:34:36 +0800] "GET /static/js/app.5616ad2b2fa84264f0e4.js HTTP/1.1" 200 937
::1 - - [25/Apr/2018:14:34:37 +0800] "GET /static/js/vendor.522563e38c6b6cbc0cd5.js HTTP/1.1" 200 42363
::1 - - [25/Apr/2018:14:34:37 +0800] "GET /static/js/manifest.2ae2e69a05c33dfc65f8.js.map HTTP/1.1" 200 4972
::1 - - [25/Apr/2018:14:34:37 +0800] "GET /static/css/app.f1cf5745017d60f6769030f3dbaf1b61.css.map HTTP/1.1" 200 101
::1 - - [25/Apr/2018:14:34:37 +0800] "GET /static/js/app.5616ad2b2fa84264f0e4.js.map HTTP/1.1" 200 16613
::1 - - [25/Apr/2018:14:34:37 +0800] "GET /static/js/vendor.522563e38c6b6cbc0cd5.js.map HTTP/1.1" 200 594238
::1 - - [25/Apr/2018:14:34:37 +0800] "GET /static/favicon.ico HTTP/1.1" 200 9662
::1 - - [25/Apr/2018:14:34:37 +0800] "GET /static/favicon.ico HTTP/1.1" 200 9662
::1 - - [25/Apr/2018:14:34:37 +0800] "GET / HTTP/1.1" 200 442
::1 - - [25/Apr/2018:14:34:37 +0800] "GET /static/css/app.f1cf5745017d60f6769030f3dbaf1b61.css HTTP/1.1" 200 93
::1 - - [25/Apr/2018:14:34:37 +0800] "GET /static/js/manifest.2ae2e69a05c33dfc65f8.js HTTP/1.1" 200 500
::1 - - [25/Apr/2018:14:34:37 +0800] "GET /static/js/app.5616ad2b2fa84264f0e4.js HTTP/1.1" 200 937
::1 - - [25/Apr/2018:14:34:37 +0800] "GET /static/js/vendor.522563e38c6b6cbc0cd5.js HTTP/1.1" 200 42363
::1 - - [25/Apr/2018:14:34:37 +0800] "GET /static/js/manifest.2ae2e69a05c33dfc65f8.js.map HTTP/1.1" 200 4972
::1 - - [25/Apr/2018:14:34:37 +0800] "GET /static/css/app.f1cf5745017d60f6769030f3dbaf1b61.css.map HTTP/1.1" 200 101
::1 - - [25/Apr/2018:14:34:37 +0800] "GET /static/js/vendor.522563e38c6b6cbc0cd5.js.map HTTP/1.1" 200 594238
::1 - - [25/Apr/2018:14:34:37 +0800] "GET /static/js/app.5616ad2b2fa84264f0e4.js.map HTTP/1.1" 200 16613
::1 - - [25/Apr/2018:14:34:37 +0800] "GET /static/favicon.ico HTTP/1.1" 200 9662
::1 - - [25/Apr/2018:14:34:37 +0800] "GET /static/favicon.ico HTTP/1.1" 200 9662
::1 - - [25/Apr/2018:14:34:37 +0800] "GET / HTTP/1.1" 200 442
::1 - - [25/Apr/2018:14:34:37 +0800] "GET /static/css/app.f1cf5745017d60f6769030f3dbaf1b61.css HTTP/1.1" 200 93
::1 - - [25/Apr/2018:14:34:37 +0800] "GET /static/js/manifest.2ae2e69a05c33dfc65f8.js HTTP/1.1" 200 500
::1 - - [25/Apr/2018:14:34:37 +0800] "GET /static/js/vendor.522563e38c6b6cbc0cd5.js HTTP/1.1" 200 42363
::1 - - [25/Apr/2018:14:34:37 +0800] "GET /static/js/app.5616ad2b2fa84264f0e4.js HTTP/1.1" 200 937
::1 - - [25/Apr/2018:14:34:38 +0800] "GET /static/js/manifest.2ae2e69a05c33dfc65f8.js.map HTTP/1.1" 200 4972
::1 - - [25/Apr/2018:14:34:38 +0800] "GET /static/css/app.f1cf5745017d60f6769030f3dbaf1b61.css.map HTTP/1.1" 200 101
::1 - - [25/Apr/2018:14:34:38 +0800] "GET /static/js/vendor.522563e38c6b6cbc0cd5.js.map HTTP/1.1" 200 594238
::1 - - [25/Apr/2018:14:34:38 +0800] "GET /static/js/app.5616ad2b2fa84264f0e4.js.map HTTP/1.1" 200 16613
::1 - - [25/Apr/2018:14:34:38 +0800] "GET /static/favicon.ico HTTP/1.1" 200 9662
::1 - - [25/Apr/2018:14:34:38 +0800] "GET /static/favicon.ico HTTP/1.1" 200 9662
::1 - - [25/Apr/2018:14:34:38 +0800] "GET / HTTP/1.1" 200 442
::1 - - [25/Apr/2018:14:34:38 +0800] "GET /static/css/app.f1cf5745017d60f6769030f3dbaf1b61.css HTTP/1.1" 200 93
::1 - - [25/Apr/2018:14:34:38 +0800] "GET /static/js/manifest.2ae2e69a05c33dfc65f8.js HTTP/1.1" 200 500
::1 - - [25/Apr/2018:14:34:38 +0800] "GET /static/js/vendor.522563e38c6b6cbc0cd5.js HTTP/1.1" 200 42363
::1 - - [25/Apr/2018:14:34:38 +0800] "GET /static/js/app.5616ad2b2fa84264f0e4.js HTTP/1.1" 200 937
::1 - - [25/Apr/2018:14:34:38 +0800] "GET /static/js/manifest.2ae2e69a05c33dfc65f8.js.map HTTP/1.1" 200 4972
::1 - - [25/Apr/2018:14:34:38 +0800] "GET /static/js/vendor.522563e38c6b6cbc0cd5.js.map HTTP/1.1" 200 594238
::1 - - [25/Apr/2018:14:34:38 +0800] "GET /static/js/app.5616ad2b2fa84264f0e4.js.map HTTP/1.1" 200 16613
::1 - - [25/Apr/2018:14:34:38 +0800] "GET /static/css/app.f1cf5745017d60f6769030f3dbaf1b61.css.map HTTP/1.1" 200 101
::1 - - [25/Apr/2018:14:34:38 +0800] "GET /static/favicon.ico HTTP/1.1" 200 9662
::1 - - [25/Apr/2018:14:34:38 +0800] "GET /static/favicon.ico HTTP/1.1" 200 9662
::1 - - [25/Apr/2018:14:34:41 +0800] "GET / HTTP/1.1" 200 442
::1 - - [25/Apr/2018:14:34:41 +0800] "GET /static/js/app.5616ad2b2fa84264f0e4.js HTTP/1.1" 200 937
::1 - - [25/Apr/2018:14:34:41 +0800] "GET /static/js/vendor.522563e38c6b6cbc0cd5.js HTTP/1.1" 200 42363
::1 - - [25/Apr/2018:14:34:41 +0800] "GET /static/js/manifest.2ae2e69a05c33dfc65f8.js HTTP/1.1" 200 500
::1 - - [25/Apr/2018:14:34:41 +0800] "GET /static/css/app.f1cf5745017d60f6769030f3dbaf1b61.css HTTP/1.1" 200 93
::1 - - [25/Apr/2018:14:34:41 +0800] "GET /static/js/manifest.2ae2e69a05c33dfc65f8.js.map HTTP/1.1" 200 4972
::1 - - [25/Apr/2018:14:34:41 +0800] "GET /static/js/vendor.522563e38c6b6cbc0cd5.js.map HTTP/1.1" 200 594238
::1 - - [25/Apr/2018:14:34:41 +0800] "GET /static/js/app.5616ad2b2fa84264f0e4.js.map HTTP/1.1" 200 16613
::1 - - [25/Apr/2018:14:34:41 +0800] "GET /static/css/app.f1cf5745017d60f6769030f3dbaf1b61.css.map HTTP/1.1" 200 101
::1 - - [25/Apr/2018:14:34:41 +0800] "GET /static/favicon.ico HTTP/1.1" 200 9662
::1 - - [25/Apr/2018:14:34:41 +0800] "GET /static/favicon.ico HTTP/1.1" 200 9662
::1 - - [25/Apr/2018:14:34:41 +0800] "GET / HTTP/1.1" 200 442
::1 - - [25/Apr/2018:14:34:42 +0800] "GET /static/css/app.f1cf5745017d60f6769030f3dbaf1b61.css HTTP/1.1" 200 93
::1 - - [25/Apr/2018:14:34:42 +0800] "GET /static/js/manifest.2ae2e69a05c33dfc65f8.js HTTP/1.1" 200 500
::1 - - [25/Apr/2018:14:34:42 +0800] "GET /static/js/vendor.522563e38c6b6cbc0cd5.js HTTP/1.1" 200 42363
::1 - - [25/Apr/2018:14:34:42 +0800] "GET /static/js/app.5616ad2b2fa84264f0e4.js HTTP/1.1" 200 937
::1 - - [25/Apr/2018:14:34:42 +0800] "GET /static/js/manifest.2ae2e69a05c33dfc65f8.js.map HTTP/1.1" 200 4972
::1 - - [25/Apr/2018:14:34:42 +0800] "GET /static/css/app.f1cf5745017d60f6769030f3dbaf1b61.css.map HTTP/1.1" 200 101
::1 - - [25/Apr/2018:14:34:42 +0800] "GET /static/js/vendor.522563e38c6b6cbc0cd5.js.map HTTP/1.1" 200 594238
::1 - - [25/Apr/2018:14:34:42 +0800] "GET /static/js/app.5616ad2b2fa84264f0e4.js.map HTTP/1.1" 200 16613
::1 - - [25/Apr/2018:14:34:42 +0800] "GET /static/favicon.ico HTTP/1.1" 200 9662
::1 - - [25/Apr/2018:14:34:42 +0800] "GET /static/favicon.ico HTTP/1.1" 200 9662
::1 - - [25/Apr/2018:14:34:45 +0800] "GET / HTTP/1.1" 200 442
::1 - - [25/Apr/2018:14:34:45 +0800] "GET /static/css/app.f1cf5745017d60f6769030f3dbaf1b61.css HTTP/1.1" 200 93
::1 - - [25/Apr/2018:14:34:45 +0800] "GET /static/js/app.5616ad2b2fa84264f0e4.js HTTP/1.1" 200 937
::1 - - [25/Apr/2018:14:34:45 +0800] "GET /static/js/manifest.2ae2e69a05c33dfc65f8.js HTTP/1.1" 200 500
::1 - - [25/Apr/2018:14:34:45 +0800] "GET /static/js/vendor.522563e38c6b6cbc0cd5.js HTTP/1.1" 200 42363
::1 - - [25/Apr/2018:14:34:45 +0800] "GET /static/js/manifest.2ae2e69a05c33dfc65f8.js.map HTTP/1.1" 200 4972
::1 - - [25/Apr/2018:14:34:45 +0800] "GET /static/css/app.f1cf5745017d60f6769030f3dbaf1b61.css.map HTTP/1.1" 200 101
::1 - - [25/Apr/2018:14:34:45 +0800] "GET /static/js/vendor.522563e38c6b6cbc0cd5.js.map HTTP/1.1" 200 594238
::1 - - [25/Apr/2018:14:34:45 +0800] "GET /static/js/app.5616ad2b2fa84264f0e4.js.map HTTP/1.1" 200 16613
::1 - - [25/Apr/2018:14:34:45 +0800] "GET /static/favicon.ico HTTP/1.1" 200 9662
::1 - - [25/Apr/2018:14:34:45 +0800] "GET /static/favicon.ico HTTP/1.1" 200 9662
::1 - - [25/Apr/2018:14:34:58 +0800] "GET / HTTP/1.1" 200 442
::1 - - [25/Apr/2018:14:34:58 +0800] "GET /static/js/app.5616ad2b2fa84264f0e4.js HTTP/1.1" 200 937
::1 - - [25/Apr/2018:14:34:58 +0800] "GET /static/js/manifest.2ae2e69a05c33dfc65f8.js HTTP/1.1" 200 500
::1 - - [25/Apr/2018:14:34:58 +0800] "GET /static/css/app.f1cf5745017d60f6769030f3dbaf1b61.css HTTP/1.1" 200 93
::1 - - [25/Apr/2018:14:34:58 +0800] "GET /static/js/vendor.522563e38c6b6cbc0cd5.js HTTP/1.1" 200 42363
::1 - - [25/Apr/2018:14:34:58 +0800] "GET /static/js/manifest.2ae2e69a05c33dfc65f8.js.map HTTP/1.1" 200 4972
::1 - - [25/Apr/2018:14:34:58 +0800] "GET /static/js/app.5616ad2b2fa84264f0e4.js.map HTTP/1.1" 200 16613
::1 - - [25/Apr/2018:14:34:58 +0800] "GET /static/js/vendor.522563e38c6b6cbc0cd5.js.map HTTP/1.1" 200 594238
::1 - - [25/Apr/2018:14:34:58 +0800] "GET /static/css/app.f1cf5745017d60f6769030f3dbaf1b61.css.map HTTP/1.1" 200 101
::1 - - [25/Apr/2018:14:34:58 +0800] "GET /static/favicon.ico HTTP/1.1" 200 9662
::1 - - [25/Apr/2018:14:34:58 +0800] "GET /static/favicon.ico HTTP/1.1" 200 9662
::1 - - [25/Apr/2018:14:35:18 +0800] "GET / HTTP/1.1" 200 442
::1 - - [25/Apr/2018:14:35:19 +0800] "GET /static/css/app.f1cf5745017d60f6769030f3dbaf1b61.css HTTP/1.1" 200 93
::1 - - [25/Apr/2018:14:35:19 +0800] "GET /static/js/manifest.2ae2e69a05c33dfc65f8.js HTTP/1.1" 200 500
::1 - - [25/Apr/2018:14:35:19 +0800] "GET /static/js/app.5616ad2b2fa84264f0e4.js HTTP/1.1" 200 937
::1 - - [25/Apr/2018:14:35:19 +0800] "GET /static/js/vendor.522563e38c6b6cbc0cd5.js HTTP/1.1" 200 42363
::1 - - [25/Apr/2018:14:35:19 +0800] "GET /static/js/manifest.2ae2e69a05c33dfc65f8.js.map HTTP/1.1" 200 4972
::1 - - [25/Apr/2018:14:35:19 +0800] "GET /static/css/app.f1cf5745017d60f6769030f3dbaf1b61.css.map HTTP/1.1" 200 101
::1 - - [25/Apr/2018:14:35:19 +0800] "GET /static/js/vendor.522563e38c6b6cbc0cd5.js.map HTTP/1.1" 200 594238
::1 - - [25/Apr/2018:14:35:19 +0800] "GET /static/js/app.5616ad2b2fa84264f0e4.js.map HTTP/1.1" 200 16613
::1 - - [25/Apr/2018:14:35:19 +0800] "GET /static/favicon.ico HTTP/1.1" 200 9662
::1 - - [25/Apr/2018:14:35:19 +0800] "GET /static/favicon.ico HTTP/1.1" 200 9662
::1 - - [25/Apr/2018:14:35:21 +0800] "GET / HTTP/1.1" 200 442
::1 - - [25/Apr/2018:14:35:21 +0800] "GET /static/js/app.5616ad2b2fa84264f0e4.js HTTP/1.1" 200 937
::1 - - [25/Apr/2018:14:35:21 +0800] "GET /static/js/vendor.522563e38c6b6cbc0cd5.js HTTP/1.1" 200 42363
::1 - - [25/Apr/2018:14:35:21 +0800] "GET /static/js/manifest.2ae2e69a05c33dfc65f8.js HTTP/1.1" 200 500
::1 - - [25/Apr/2018:14:35:21 +0800] "GET /static/css/app.f1cf5745017d60f6769030f3dbaf1b61.css HTTP/1.1" 200 93
::1 - - [25/Apr/2018:14:35:21 +0800] "GET /static/js/manifest.2ae2e69a05c33dfc65f8.js.map HTTP/1.1" 200 4972
::1 - - [25/Apr/2018:14:35:21 +0800] "GET /static/js/vendor.522563e38c6b6cbc0cd5.js.map HTTP/1.1" 200 594238
::1 - - [25/Apr/2018:14:35:21 +0800] "GET /static/js/app.5616ad2b2fa84264f0e4.js.map HTTP/1.1" 200 16613
::1 - - [25/Apr/2018:14:35:21 +0800] "GET /static/css/app.f1cf5745017d60f6769030f3dbaf1b61.css.map HTTP/1.1" 200 101
::1 - - [25/Apr/2018:14:35:21 +0800] "GET /static/favicon.ico HTTP/1.1" 200 9662
::1 - - [25/Apr/2018:14:35:21 +0800] "GET /static/favicon.ico HTTP/1.1" 200 9662
::1 - - [25/Apr/2018:14:35:21 +0800] "GET / HTTP/1.1" 200 442
::1 - - [25/Apr/2018:14:35:22 +0800] "GET /static/css/app.f1cf5745017d60f6769030f3dbaf1b61.css HTTP/1.1" 200 93
::1 - - [25/Apr/2018:14:35:22 +0800] "GET /static/js/manifest.2ae2e69a05c33dfc65f8.js HTTP/1.1" 200 500
::1 - - [25/Apr/2018:14:35:22 +0800] "GET /static/js/app.5616ad2b2fa84264f0e4.js HTTP/1.1" 200 937
::1 - - [25/Apr/2018:14:35:22 +0800] "GET /static/js/vendor.522563e38c6b6cbc0cd5.js HTTP/1.1" 200 42363
::1 - - [25/Apr/2018:14:35:22 +0800] "GET /static/js/manifest.2ae2e69a05c33dfc65f8.js.map HTTP/1.1" 200 4972
::1 - - [25/Apr/2018:14:35:22 +0800] "GET /static/css/app.f1cf5745017d60f6769030f3dbaf1b61.css.map HTTP/1.1" 200 101
::1 - - [25/Apr/2018:14:35:22 +0800] "GET /static/js/vendor.522563e38c6b6cbc0cd5.js.map HTTP/1.1" 200 594238
::1 - - [25/Apr/2018:14:35:22 +0800] "GET /static/js/app.5616ad2b2fa84264f0e4.js.map HTTP/1.1" 200 16613
::1 - - [25/Apr/2018:14:35:22 +0800] "GET /static/favicon.ico HTTP/1.1" 200 9662
::1 - - [25/Apr/2018:14:35:22 +0800] "GET /static/favicon.ico HTTP/1.1" 200 9662
::1 - - [25/Apr/2018:14:35:22 +0800] "GET / HTTP/1.1" 200 442
::1 - - [25/Apr/2018:14:35:22 +0800] "GET /static/css/app.f1cf5745017d60f6769030f3dbaf1b61.css HTTP/1.1" 200 93
::1 - - [25/Apr/2018:14:35:22 +0800] "GET /static/js/manifest.2ae2e69a05c33dfc65f8.js HTTP/1.1" 200 500
::1 - - [25/Apr/2018:14:35:22 +0800] "GET /static/js/app.5616ad2b2fa84264f0e4.js HTTP/1.1" 200 937
::1 - - [25/Apr/2018:14:35:22 +0800] "GET /static/js/vendor.522563e38c6b6cbc0cd5.js HTTP/1.1" 200 42363
::1 - - [25/Apr/2018:14:35:23 +0800] "GET /static/js/manifest.2ae2e69a05c33dfc65f8.js.map HTTP/1.1" 200 4972
::1 - - [25/Apr/2018:14:35:23 +0800] "GET /static/css/app.f1cf5745017d60f6769030f3dbaf1b61.css.map HTTP/1.1" 200 101
::1 - - [25/Apr/2018:14:35:23 +0800] "GET /static/js/vendor.522563e38c6b6cbc0cd5.js.map HTTP/1.1" 200 594238
::1 - - [25/Apr/2018:14:35:23 +0800] "GET /static/js/app.5616ad2b2fa84264f0e4.js.map HTTP/1.1" 200 16613
::1 - - [25/Apr/2018:14:35:23 +0800] "GET /static/favicon.ico HTTP/1.1" 200 9662
::1 - - [25/Apr/2018:14:35:23 +0800] "GET /static/favicon.ico HTTP/1.1" 200 9662
::1 - - [25/Apr/2018:14:35:52 +0800] "GET / HTTP/1.1" 200 442
::1 - - [25/Apr/2018:14:35:52 +0800] "GET /static/css/app.f1cf5745017d60f6769030f3dbaf1b61.css HTTP/1.1" 200 93
::1 - - [25/Apr/2018:14:35:52 +0800] "GET /static/js/app.5616ad2b2fa84264f0e4.js HTTP/1.1" 200 937
::1 - - [25/Apr/2018:14:35:52 +0800] "GET /static/js/vendor.522563e38c6b6cbc0cd5.js HTTP/1.1" 200 42363
::1 - - [25/Apr/2018:14:35:52 +0800] "GET /static/js/manifest.2ae2e69a05c33dfc65f8.js HTTP/1.1" 200 500
::1 - - [25/Apr/2018:14:35:52 +0800] "GET /static/js/manifest.2ae2e69a05c33dfc65f8.js.map HTTP/1.1" 200 4972
::1 - - [25/Apr/2018:14:35:52 +0800] "GET /static/css/app.f1cf5745017d60f6769030f3dbaf1b61.css.map HTTP/1.1" 200 101
::1 - - [25/Apr/2018:14:35:52 +0800] "GET /static/js/vendor.522563e38c6b6cbc0cd5.js.map HTTP/1.1" 200 594238
::1 - - [25/Apr/2018:14:35:52 +0800] "GET /static/js/app.5616ad2b2fa84264f0e4.js.map HTTP/1.1" 200 16613
::1 - - [25/Apr/2018:14:35:52 +0800] "GET /static/favicon.ico HTTP/1.1" 200 9662
::1 - - [25/Apr/2018:14:35:52 +0800] "GET /static/favicon.ico HTTP/1.1" 200 9662
::1 - - [25/Apr/2018:14:35:53 +0800] "GET / HTTP/1.1" 200 442
::1 - - [25/Apr/2018:14:35:53 +0800] "GET /static/js/vendor.522563e38c6b6cbc0cd5.js HTTP/1.1" 200 42363
::1 - - [25/Apr/2018:14:35:53 +0800] "GET /static/js/manifest.2ae2e69a05c33dfc65f8.js HTTP/1.1" 200 500
::1 - - [25/Apr/2018:14:35:53 +0800] "GET /static/css/app.f1cf5745017d60f6769030f3dbaf1b61.css HTTP/1.1" 200 93
::1 - - [25/Apr/2018:14:35:53 +0800] "GET /static/js/app.5616ad2b2fa84264f0e4.js HTTP/1.1" 200 937
::1 - - [25/Apr/2018:14:35:53 +0800] "GET /static/js/manifest.2ae2e69a05c33dfc65f8.js.map HTTP/1.1" 200 4972
::1 - - [25/Apr/2018:14:35:53 +0800] "GET /static/js/vendor.522563e38c6b6cbc0cd5.js.map HTTP/1.1" 200 594238
::1 - - [25/Apr/2018:14:35:53 +0800] "GET /static/js/app.5616ad2b2fa84264f0e4.js.map HTTP/1.1" 200 16613
::1 - - [25/Apr/2018:14:35:53 +0800] "GET /static/css/app.f1cf5745017d60f6769030f3dbaf1b61.css.map HTTP/1.1" 200 101
::1 - - [25/Apr/2018:14:35:53 +0800] "GET /static/favicon.ico HTTP/1.1" 200 9662
::1 - - [25/Apr/2018:14:35:53 +0800] "GET /static/favicon.ico HTTP/1.1" 200 9662
::1 - - [25/Apr/2018:14:35:54 +0800] "GET / HTTP/1.1" 200 442
::1 - - [25/Apr/2018:14:35:54 +0800] "GET /static/js/manifest.2ae2e69a05c33dfc65f8.js HTTP/1.1" 200 500
::1 - - [25/Apr/2018:14:35:54 +0800] "GET /static/css/app.f1cf5745017d60f6769030f3dbaf1b61.css HTTP/1.1" 200 93
::1 - - [25/Apr/2018:14:35:54 +0800] "GET /static/js/app.5616ad2b2fa84264f0e4.js HTTP/1.1" 200 937
::1 - - [25/Apr/2018:14:35:54 +0800] "GET /static/js/vendor.522563e38c6b6cbc0cd5.js HTTP/1.1" 200 42363
::1 - - [25/Apr/2018:14:35:54 +0800] "GET /static/js/manifest.2ae2e69a05c33dfc65f8.js.map HTTP/1.1" 200 4972
::1 - - [25/Apr/2018:14:35:54 +0800] "GET /static/css/app.f1cf5745017d60f6769030f3dbaf1b61.css.map HTTP/1.1" 200 101
::1 - - [25/Apr/2018:14:35:54 +0800] "GET /static/js/vendor.522563e38c6b6cbc0cd5.js.map HTTP/1.1" 200 594238
::1 - - [25/Apr/2018:14:35:54 +0800] "GET /static/js/app.5616ad2b2fa84264f0e4.js.map HTTP/1.1" 200 16613
::1 - - [25/Apr/2018:14:35:54 +0800] "GET /static/favicon.ico HTTP/1.1" 200 9662
::1 - - [25/Apr/2018:14:35:54 +0800] "GET /static/favicon.ico HTTP/1.1" 200 9662
